# DevOps 平台 Lessons Learned Log

> **说明**：本文件由 AI 自动维护，按时间倒序记录实战中发现的隐蔽风险与排障结论。
> **【强制更新规范】**
> 1. **单一主表原则**：所有新增经验必须**倒序**统一追加到下方的 Markdown 主表格中。**绝对严禁**在主表格之外另起任何零散的 `列表`、`次级小表格` 或 `### 分割的小标题`。
> 2. **记录门槛**：不记成功的流水账，只记录由于框架机制、脏数据或跨端约束导致的非直觉类障碍。
> 3. **字段约定**：The Defense 栏必须使用粗体加粗一句话结论，随后跟上落地措施。

| Timestamp | Domain | Phenomenon | Root Cause | Universal Rule (The Defense) |
| :--- | :--- | :--- | :--- | :--- 
| 2026-04-03 | Audit/Stable | 集成测试报错 `no such table: sys_audit_logs` | 测试环境使用私有内存 Engine 且未通过 `models` 包加载触发 `AuditLog` 的表注册，导致 `create_all` 漏创建审计表。 | **审计写入韧性 (Audit Ingestion Resilience)**：审计引擎的 `INSERT` 必须包裹在 `try-except` 中。若表缺失则仅记录 Error 日志而非中断业务事务，确保测试与迁移场景的鲁棒性。同时集测 Fixture 必须强制导入 `models` 总包。 |
| 2026-04-03 | Audit/Logic | 审计监听器触发 `TypeError: Object is not JSON serializable` 或 `AttributeError` | 监听器未过滤 `RelationshipProperty`，尝试对未加载或复杂的关联对象执行 JSON 序列化；或访问了不具备 `.prop` 的动态属性。 | **审计属性防御检查 (Defensive Attribute Auditing)**：1. **类型过滤**：必须通过 `isinstance(attr.prop, ColumnProperty)` 严格限定仅审计物理列。 2. **属性探针**：访问 `attr.prop` 前必须 `hasattr(attr, 'prop')`，杜绝因 SQLAlchemy 内部描述符导致的崩溃。 |
| 2026-04-03 | Database/SQLite | SQLite 执行 `drop_all` 报 `Can't sort tables for DROP` 循环外键冲突 | 虽然设置了 `use_alter=True`，但若未配置全局命名规范，SQLAlchemy 无法在 DDL 层面标记受影响的约束，导致删表顺序计算失败。 | **全局命名规范硬化 (Table Naming Convention)**：必须在 `Base.metadata` 中显式配置 `NAMING_CONVENTION`（含 ix/uq/ck/fk/pk 模板）。这是 SQLite 处理复杂循环依赖下 `create_all` / `drop_all` 的前置物理要求。 |
| 2026-04-03 | MDM/RBAC | 权限管理集成测试报 `KeyError: 'full_name'` 或字段缺失 | `TeamMemberService` 返回的实体投影未包含 `full_name`，但 Portal API 契约要求展示此字段，导致前端/集测解包失败。 | **实体-服务契约对齐 (Model-Service Alignment)**：Service 层在处理“扁平化”视图或投影查询时，必须显式映射所有在 API Schema 中定义的必填字段，尤其是 `full_name` 等涉及 UI 展示的级联计算属性。 |
| 2026-04-03 | Migration/Alembic | autogenerate 迁移包含大量无关 drop_table，执行时因视图依赖报错 | Autogenerate 将代码中不存在但 DB 中存在的历史表标记为 DROP。 | **Autogenerate 审计红线**：严禁盲执行 autogenerate 产出。单表新增场景优先手写纯净迁移。执行前用 --sql 预览。 |
| 2026-04-03 | Migration/Alembic | Alembic 警告 Revision present more than once，exit 0 但 DDL 未执行 | Windows 卷挂载 + Docker 共享 versions/ 目录时路径重复检测导致静默跳过。 | **容器内迁移物理验证**：迁移后必须通过 psql 验证表是否存在。遇 duplicate 警告可直接 psql 执行 DDL。 |
| 2026-04-03 | Audit/Architecture | 对 Collector 批量导入表启用审计监听后审计日志与业务数据 1:1 膨胀 | SQLAlchemy after_insert 对每行 flush 触发回调。 | **审计分级策略**：仅对管理表启用字段级追踪。采集表通过 sys_sync_logs 粗粒度记录。生产环境审计写入建议异步队列。 |
| 2026-04-02 | Database/Schema | MDM 核心表之间存在外键循环依赖 (User <-> Location/Organization) | 业务模型中存在“鸡生蛋，蛋生鸡”的所有权逻辑：用户属于某个地点 (`location_id`)，而该地点的负责人又是该用户 (`manager_user_id`)。在 SQLite 等不支持延迟约束检查的环境下，这会导致 `Base.metadata.drop_all` 因无法计算删表顺序而报 `IntegrityError`。 | **外键循环治理规则 (Circular FK Governance)**：1. **模型定义**：必须在 SQLAlchemy 的 `ForeignKey` 中显式指定 `name` 并设置 `use_alter=True`。2. **测试隔离**：在 SQLite 内存数据库的 `teardown` 环节，必须显式调用 `PRAGMA foreign_keys=OFF` 或利用连接断开自动释放内存库的特性，避开物理删表顺序报错。3. **同步策略**：采用两阶段对齐协议（先入库元数据存 raw_id，后异步自愈填充外键）。 |
| 2026-04-02 | Infra/Encoding | PowerShell echo >> file 将 UTF-16LE 追加到 UTF-8 文件导致编码浆糊 | PS 5.1 的 >> 默认输出 UTF-16LE。 | **PS 编码铁律**：严禁 echo >> file。必须使用 Add-Content -Encoding UTF8。已损坏文件通过编辑器全量覆写修复。 |
| 2026-04-02 | Security/Safety | safety check --ignore 逗号分隔多 ID 无效 | Safety CLI 要求每个 ID 单独一个 --ignore 标志。 | **CLI 参数语法验证**：使用前先 --help 确认格式。多 ID 正确语法为 --ignore ID1 --ignore ID2。 |
| 2026-04-02 | Testing/Mock | WeCom 同步负责人对齐统计为 0 (`AssertionError: 0 == 3`) | `OrganizationService.realign_all_managers` 返回的是 `{"success": X}`，而 `WeComWorker` 尝试读取 `stats.get("resolved", 0)`。由于 Key 不一致，统计结果永远为 0。 | **服务-Worker 契约一致性 (Service-Worker Contract)**：跨层调用的统计返回必须定义明确的 Schema 或统一使用特定的 Key（如 `success`）。向 Worker 层消费 Service 时必须严格校验 Key 名。 |
| 2026-04-02 | Testing/Mock | 部门同步时 `manager_raw_id` 在 DB 中全为 `NULL` | 1. 核心工具 `safe_id` 会将 ID 强转为 String。 2. 测试 Mock 数据 `MOCK_DEPT_DETAILS` 的 Key 是 Integer。 3. `client.get_department_detail(dept_id)` 因类型不匹配返回 None，导致负责人信息丢失。 | **防御式 Mock 类型适配 (Type-Agnostic Mocking)**：涉及 ID 查找的 Mock SideEffect 必须具备类型鲁棒性（同时尝试 `str(id)` 和 `int(id)`），或 Mock 数据 Key 强制与 `safe_id` 输出对齐为 String。 |
| 2026-04-02 | MDM/Core | `IdentityManager` 在测试环境下抛出 SQL 语法错误 (ON CONFLICT) | `IdentityManager` 使用了 PostgreSQL 特有的 `on_conflict_do_nothing` 语法。集成测试环境使用 SQLite，不识别该方言，导致身份映射逻辑崩溃。 | **方言感知幂等逻辑 (Dialect-Aware Idempotency)**：底层 Service 在执行高性能 SQL（如 upsert/on conflict）前必须检测 `session.bind.dialect.name`。若非目标 DB，必须提供兼容性的“先查后增” fallback 逻辑，确保测试可运行性。 |
| 2026-04-02 | Testing/Fixture | SQL 报错 `IntegrityError: UNIQUE constraint failed` 及 403 权限越权测试验证失效 | `conftest.py` 中全量启用了真实 DB 注入的 `authenticated_client`（不仅 mock，还把带 `SYSTEM_ADMIN` 角色的用户写入 DB）。局部文件却仍使用 `autouse` 夹具尝试插入同名角色，导致 SQLite 唯一键命中冲突。同时，由于依赖深度覆盖了 `get_current_user`，底层强拦截了 Token 解析逻辑，导致那些通过 Mock Token 测试 403 拦截的用例全部通过而报 FAIL（响应变成了 200）。 | **真实 DB 与 Mock 的隔离重构 (True DB vs True Mock)**：1. 全局 Fixture 一旦操作 DB 构建环境，局部组测试必须无条件清理自行干预此实体的 `autouse` 夹具。2. 当 API Token 入口被通过框架级的 Dependency Override 接管后，若需测试 403 拦截，应当以真实 DB 操作模拟：直接在测试函数内将 `mock_user.roles = []` 然后 `db.commit()`，以此在框架层级实现更真实贴近业务逻辑的 RBAC 拦截验证，而非去 mock 空的 jwt token 解析。 |
| 2026-04-01 | Testing/Isolation | 全量跑 integration 目录时部分测试毫无征兆地全红 | 个别测试文件在模块全局级别修改了 `app.dependency_overrides` 且未复原。一旦以套件形式运行，前序文件的 Mock 桩直接污染并替换了后续所有的真实依赖，导致连锁崩溃。 | **依赖覆盖作用域防毒墙 (Scoped Dependency Override)**：严禁在文件或模块的最外层直接操作 `dependency_overrides`！必须将其封装为带 `yield` 的 scoped pytest fixture，并强制在 teardown 阶段执行 `.clear()`，确保每次测试后无状态外泄。 |
| 2026-04-01 | Testing/Mocking | 鉴权守卫中的防御性 `getattr(user, "roles", None)` 未奏效，抛出非预期的子 Mock 报错 | Python 的 `MagicMock` 在被请求不存在的属性时，默认会凭空制造出一个巨大的子 Mock 对象返回！这意味着基于 `getattr(..., default)` 的 fallback 逻辑永远抢不到控制权（因为总能拿到一个 mock 对象而非 None），进而在后续运算时导致类型错误。 | **魔法对象反射陷阱与硬鉴权 (MagicMock Reflection Trap)**：在权限、路由等强安全性的分发层，针对多态入参进行检查时，必须优先用真正的类型检查器 `isinstance(user, Model)`；或者改用防篡改的推导判断（如显式的预检查或提前把 mock 降级）。若确实要查对象属性，测试框架必须在 mock 阶段显式赋予缺失的属性为 `None` 或用 `spec` 限定形态，杜绝 Mock 的“幽灵增殖”。 |
| 2026-04-01 | Testing/Mock | Jira Client 测试 patch `requests.get` 但实际走 `requests.Session.get` 导致拦截失败 | BaseClient 使用 `requests.Session()` 池化连接，内部调用不再走全局 `requests.get`。 | **统一入口 Mock**：凡是继承 BaseClient 的客户端，测试 mock 路径必须为 `requests.Session.get`/`.post`。提交客户端改动前强制匹配 patch 命名。 |
| 2026-04-01 | Testing/Fixture | Portal 测试引用 `authenticated_client` 夹具但全仓库无定义，一直处于 ERROR | 测试编写时理所当然地假设 conftest 后续会提供该夹具，但实际被遗忘，导致测试假死。 | **僵尸夹具排查**：依赖链必须闭环。任何新增夹具必须就地验证。CI 必须将 ERROR 状态等价于 FAIL 进行阻断。 |
| 2026-03-31 | Testing/Resilience | 引入 `tenacity` 重试后单元测试超时挂起 | **时间膨胀陷阱**：指数退避重试在测试中触发了真实的物理 `time.sleep`。 | **测试时钟冻结 (Clock Freezing)**：任何含有重试循环的逻辑在单元测试中 **必须强制 Mock `time.sleep`**，以消除不必要的物理等待。 |
| 2026-03-31 | Testing/Mocking | 迁移至 Session 池后原本的 `requests.get` Mock 失效 | **调用链漂移**：Session 实例直接调用其内部 `request` 方法，绕过了 `requests.api` 顶层函数。 | **统一入口 Mock (Unified Mocking)**：涉及 Session 集成的测试，必须 patch `requests.Session.request` 或具体的实例方法以实现全量流量拦截。 |
| 2026-03-31 | App/Security | 敏感 Header（Token/Auth）在日志中明文泄露 | **安全责任分散**：依赖各插件自行脱敏导致覆盖不全（如遗漏自定义 Header）。 | **安全左移 (Centralized Masking)**：脱敏逻辑必须在 `BaseClient` 基类硬化，作为“默认安全”基础设施强制执行。 |
| 2026-03-31 | Testing/Resilience | 无法在测试中区分是网络错误还是熔断拦截 | **状态不可见**：通用异常捕获导致无法验证 fail-fast 逻辑是否生效。 | **精确异常断言**：韧性测试必须显式断言 `CircuitBreakerOpenError`，以确保熔断器在阈值触发后确实进入了 OPEN 状态。 |
| 2026-03-31 | Infra/Hygiene | 根目录堆积大量 `pytest_*.txt` 等临时产物 | **路径便捷性诱惑**：为了快速键入重定向命令，潜意识忽略了系统隔离规范。 | **路径围栏化 (Path Enclosure)**：1. 重定向路径必须且只能以 `tmp/` 为前缀。 2. 任何任务结束前必须自查根目录卫生。 |
| 2026-03-31 | PowerShell/CI | PowerShell 重定向失败、语法错误及编码乱码 (连环坑) | 1. `>` 不会自动创建不存在的父目录。 2. WinPS 5.1 不支持 `&&`，且 `if` 语法与 Bash 不同。 3. `>` 默认导出 UTF-16LE 导致后续读取失败。 | **PowerShell 环境防御三板斧 (PS-Env Robustness)**：1. **目录预检**：重定向到子目录前必须先 `if (!(Test-Path tmp)) { New-Item -ItemType Directory tmp }`。2. **语法兼容**：多命令串联优先用 `;`；`if` 必须带括号与花括号。3. **强推 UTF-8**：**禁绝**直接用 `>`，必须使用 `Out-File -Encoding utf8` 或 `Set-Content` 以规避 UTF-16LE 乱码。 |
| 2026-03-31 | Testing/Logic | `test_idempotency.py` 报错 `AssertionError: 0 != 2` | 测试用例直接调用内部原子方法 `_sync_project`，但 Worker 架构已将其与 `_sync_commits` 解耦。测试调用路径与业务逻辑路径非对齐。 | **全链路任务测试优先 (Sync-Path Alignment)**：集成测试应优先通过 `process_task` (Payload 驱动) 触发，或确保按业务逻辑顺序链式调用原子方法。严禁假设单个元数据同步方法会级联触发业务数据同步。 |
| 2026-03-31 | Testing/DB | 集成测试在 TearDown 阶段抛出 `ERROR` (SQLite IntegrityError) | 部分集成测试文件 (`test_project_management_integration.py`) 未遵循 Lesson #13 规范，在 `drop_all` 前未关闭外键。 | **测试隔离与清理强制闭环 (Mandatory Foreign Key Suppression)**：1. 任何涉及多表关联的集成测试，`teardown` 必须显式执行 `PRAGMA foreign_keys=OFF`。2. 推荐使用全局 `conftest.py` 统一管理清理逻辑，减少各文件重复且易漏的配置。 |
| 2026-03-24 | MDM/Scripts | `import_employees.py` 报错 `IntegrityError` (NOT NULL FK) | MDM Schema 重构后，外键 (`org_id`) 已从业务 String 迁为 Integer ID，但旧脚本仍传入 String 编码。 | **数据初始化脚本主键一致性 (Import Script Alignment)**：1. 任何 MDM 架构重构后，必须同步审计所有 `scripts/init_*.py`。2. 必须实现业务码到内部 ID 的解析逻辑（如 `select(Org.id).where(Org.code == code)`）再赋值给 FK。 |
| 2026-03-24 | Docker/Infra | 构建时拉取 `uv` 工具或 Python 包失败 (Ghcr.io / Pypi 不通) | Dockerfile 中硬编码了互联网源，无法适配受限/离线环境。 | **构建工具链私服化 (Nexus-First Build)**：1. 核心工具镜像（如 `astral-sh/uv`）必须预拉取至内网 Nexus 并打标。2. Dockerfile 必须使用 `ARG` 接收 `UV_IMAGE` 和 `PIP_INDEX_URL`。3. `pip install` 必须带上 `--trusted-host` 以支持本地 HTTP 仓库。 |
| 2026-03-24 | RabbitMQ | 容器健康检查反复失败导致重启 | 在资源受限或启动较慢的环境下，默认的健康检查时间不足。 | **MQ 健康检查韧性 (RabbitMQ Healthcheck Triage)**：1. 提高 `retries` (60) 和 `start_period`。2. 调整 `RABBITMQ_VM_MEMORY_HIGH_WATERMARK_RELATIVE` (0.7) 减少内存水线误报导致的强制停机。 |
| 2026-03-24 | Testing/Integrity | OKR 服务测试报错 `IntegrityError` (Foreign Key missing) | 测试用例在向 `gitlab_commits` 插入数据前，未先在当前 Session 注入对应的 `GitLabProject` 记录。 | **测试依赖级联注入 (Cascade Dependency Seeding)**：服务层集成测试必须显式构造并 `add()` 所有强制外键父项。禁绝假设数据库中已有现成底数，确保测试在 `--reuse-db` 场景下依然幂等。 |
| 2026-03-24 | Registry/Tool | `uv` 访问内网 HTTP 私服报 `400 Bad Request` 但 `pip` 正常 | `uv` 对 TLS 和 User-Agent 的处理较严格，对协议不匹配的内网仓库兼容性不如 `pip`。 | **私服兼容性降级策略 (Registry Fallback)**：在复杂的内网/代理环境下，Dockerfile 的包安装阶段优先使用 `pip` 配合 `--trusted-host`。仅在镜像拉取阶段使用 `uv` 镜像，利用其二进制文件提取的便捷性。 |
| 2026-03-24 | Testing/ORM | `StatementError` 与 `AttributeError: hex` (UUID 解析错误) | 高版本 SQLAlchemy 2.0.41 对 `UUID(as_uuid=True)` 列进行查询过滤时 (`user_id=str(user_id)`) 会触发严格绑定失败。 | **UUID 强类型防御**：如果模型列被定义为真正的 UUID 对象，在执行查询、修改、新增前，**必须**将其从 String 强制转换为 Python 原生的 `uuid.UUID` 对象，严禁直接传入字符串。 |
| 2026-03-24 | Testing/DB | 内存数据库执行 `drop_all` 时报 `IntegrityError` 外键冲突 | 在启用 `PRAGMA foreign_keys=ON` 的 SQLite 中，具有复杂闭环外键约束的表在 `Base.metadata.drop_all` 时因销毁时序乱序触发拦截。 | **SQLite 销毁防御时序**：在所有 fixture 的 TearDown 块中，执行 `drop_all(bind=engine)` 前必须通过 `conn.exec_driver_sql("PRAGMA foreign_keys=OFF")` 显式关闭外键检查。 |
| 2026-03-21 | Testing/SQLAlchemy | `@hybrid_property` 在 Mock 环境引发 `NotImplementedError` | `@hybrid_property` 会在类级别生成 SQL 表达式描述符。当测试中以 `MagicMock` 替代 Session、或以 SQLite 替代 PG 时，SQLAlchemy 尝试将 Python 逻辑（如 `sorted()`、`.get()`）翻译为 SQL Clause，因无对应 SQL 实现而崩溃。 | **`@hybrid_property` 使用守则**：若属性逻辑中含有纯 Python 运算（排序、字典取值、lambda 等），必须改用普通 `@property`。只有当属性需要同时支持 `Model.attr == value` 这类 SQL 级别过滤时，才需要 `@hybrid_property` + `@attr.expression` 双修，且 expression 分支必须返回合法 SQL Clause。 |
| 2026-03-21 | Testing/SQLAlchemy | 单元测试用 `MagicMock` 模拟 Session 时，SQLAlchemy ORM 操作符（如 `.filter(Col.in_([...]))`）抛 `NotImplementedError` | SQLAlchemy ORM 查询、比较和 IN 等操作符作用在 Column 对象上时，实际上生成 SQL AST 节点。`MagicMock` 不实现这套协议，调用时无法生成有效 SQL 而报错。 | **测试 SQLAlchemy ORM必用 in-memory DB**：1. 含 ORM 查询逻辑的测试，必须使用真实 `create_engine("sqlite:///:memory:")` + `sessionmaker`，不得使用 `MagicMock` 替代 Session。2. 若只测纯数据转换逻辑（无 DB 操作），才允许 Mock Session。 |
| 2026-03-21 | Testing/FK | 测试中向 `ProjectProductRelation` 传入字符串 `"PROD1"` / `"ORG1"` 作为 FK 值，触发 `IntegrityError: NOT NULL constraint` 或类型不匹配 | `ProjectProductRelation.product_id`、`org_id` 均为 Integer FK（指向 `mdm_products.id`、`mdm_organizations.id`）。重构后这些列已从 String 业务编码迁移为 Integer 自增 PK，但旧测试 seed 未同步更新。 | **测试 FK Seed 规程**：1. 测试 seed 数据必须先依次创建父表记录（`flush()` 获取自增 ID），再以整数 ID 建立关联——严禁用字符串直接赋值 Integer FK。2. 每次重构 FK 类型后，必须通过 grep 检索所有测试文件中对该 FK 的直接赋值，统一修正。 |
| 2026-03-21 | Testing/Pydantic | 向 Pydantic v2 Model 的 `list[MyModel]` 字段传入 `MagicMock()` 实例，触发 `ValidationError: string type expected` | Pydantic v2 在 Model 实例化时对所有字段进行严格类型验证，`MagicMock` 实例无法通过类型守卫，即使在测试中也不例外。 | **Pydantic v2 测试 Mock 规则**：1. Pydantic Model 字段严禁使用 `MagicMock` 填充——必须构造合法的 Schema 实例（即使只填最小必填字段）。2. 若 Schema 构造代价高，可用 `model_construct()` 跳过验证（仅在确认不需要验证逻辑的场景使用）。 |
| 2026-03-21 | Python/Regex | Issue 描述解析 (`parser.py`) 无法正确提取优先级、测试类型、反馈等字段 | 正则表达式在 Markdown 模板中，字段前有 `**` 加粗标记，原 pattern 硬编码了 `**用例优先级`]: ` 格式。MarkDown 渲染中 `**` 可能位置不固定，且"反馈"行的序号前缀（`1.`）与 pattern 不一致。 | **Markdown 解析正则健壮性规则**：1. 提取语义标签时，正则必须使用 `.*?` 吸收中间的 Markdown 格式字符（如 `**`、`*`、`-`），格式：`r"关键词.*?:\s*\[(.*?)\]"`。2. 行前缀（序号）不稳定时，不应在 pattern 中硬编码 `\d+\.`，应用更宽松的前瞻截取。3. 所有 Python 正则必须使用 `r"..."` raw string，避免 `\\` 双重转义导致的调试困难。 |
| 2026-03-21 | Testing/Timing | `test_token_bucket_refill` 断言 `assertGreater(limiter.tokens, 9)` 失败（tokens 恰好等于 9） | 令牌桶以 10/s 的速率，sleep 0.5s 后补充 5 个 token，消费 1 个后恰好剩 9 个——数学上不满足严格 `> 9`。边界值在 CI / Docker 容器等精确计时环境下（无 OS 调度抖动）必然触发。 | **时间相关断言必须宽于边界**：1. 涉及 `sleep + rate` 的时序测试，断言阈值必须用 `assertGreaterEqual` 或留出 ±10% 容差，不得使用严格的 `>` 或 `<`。2. 如需精确验证，应 Mock 时钟（`unittest.mock.patch("time.time")`）而非依赖物理 sleep。 |
| 2026-03-19 | ORM/Pydantic | 在 SQLAlchemy Model 上添加 `@property` (如 `product_id` → `product_code`) 后，所有通过 `Model(product_id=xxx)` 构造对象的代码全部报 `AttributeError: property has no setter` | SQLAlchemy 的 `declarative_constructor` 使用 `setattr(self, k, kwargs[k])` 来初始化字段。`@property` 没有 setter 时，`setattr` 会拦截赋值操作，导致所有旧代码中以 `project_id=xxx` 传参的构造调用全部崩溃。 | **ORM 模型严禁添加与列名冲突的 @property**：若需在 API 层做字段重命名映射（如 `product_code` → `product_id`），必须在 Pydantic Schema 层使用 `validation_alias` 处理，绝不可在 ORM Model 层添加同名 property。ORM 层的属性名必须与数据库列名一一对应。 |
| 2026-03-19 | SQLAlchemy/FK | 在 MDM 重构后，`ProjectProductRelation` 的 FK 字段 (`project_id`, `product_id`, `org_id`) 全部变为 Integer (指向 `mdm_*.id`)，但服务层和测试仍传入 String (业务编码)，导致 `FOREIGN KEY constraint failed` | 重构将业务主键从 String 改为 Integer 自增 PK，但未同步更新所有消费方代码。API 层收到的是业务编码 (String)，需要先查询对应 Model 获取 `.id` (Integer)，再赋值给 FK 字段。 | **FK 类型对齐三步法**：1. API 接收业务编码 (String)。2. 查询 Model 获取 surrogate PK (Integer `.id`)。3. 用 `.id` 赋值给 FK 字段。严禁将业务编码直接传入 Integer FK 字段。所有涉及 FK 的测试必须先 `flush()` 获取 auto-increment ID 后再建立关联。 |
| 2026-03-19 | SQLAlchemy/Filter | `list_unlinked_repos` 使用 `filter(GitLabProject.mdm_project_id is None)` 无法正确过滤 NULL 记录，返回全量数据 | Python 的 `is None` 是身份比较运算符，对 SQLAlchemy Column 对象永远返回 `False`（因 Column 对象不是 None），不会生成 `IS NULL` SQL 谓词。 | **SQLAlchemy NULL 过滤必用 `.is_(None)`**：严禁使用 Python 原生 `is None` 做 ORM 过滤。正确写法：`Model.column.is_(None)`。同理，`!= None` 应写为 `.isnot(None)` 或 `.is_not(None)`。此为经典陷阱，应纳入 Code Review 必检项。 |
| 2026-03-18 | Testing/Windows | 单元测试执行极慢 (14min+) 甚至挂起 | Windows 下频繁创建/删除物理 .db 文件引发磁盘 I/O 尖峰，且 `Base.metadata.create_all` (94张表) 在每个 function-scoped 夹具中执行造成巨大 CPU 开销。 | **Windows 测试性能守卫 (In-Memory/Session-scoped DB)**：1. 强制将建表逻辑 (`create_all`) 提升至 `session` 作用域。2. 使用 `pytest-timeout` 设定进程级熔断 (30s)，防止因文件锁或其他挂起导致的静默 Token 消耗。 |
| 2026-03-18 | Arch/Refactor | ZenTao Worker 缺乏批处理框架，代码路径分叉导致维护困难 | 原设计中 `_sync_issue` (单条) 和 `_transform_issue` (单条转换) 是独立方法。优化时引入了 `_sync_issues_batch` (批量) 后，原单条方法成为"孤儿代码"。若不统一代码路径，会出现"单条走旧路径、批量走新路径"的分叉，增加回归风险。 | **单条委托批量 (Singleton-to-Batch Delegation)**: 重构批量方法后，原有的单条入口必须改为"薄委托层"，即 `_sync_issue(data)` 内部调用 `_sync_issues_batch([data])`，确保所有执行路径归一，消除代码分叉。`_transform_xxx` 等旧方法若已被新批量方法内联替代，应标记为废弃或直接删除。 |
| 2026-03-18 | Nexus/Metadata | Nexus 仓库存在大量长期(>180天)未被下载的僵尸包/快照乃至从不被拉取 | 开发者只推代码，缺乏定期回收意识。通过辨别 `lastDownloaded` (开发端真实拉取时间) 与 `lastModified` (外网拉到本地代理时的变动时间)，可发现大量无用依赖或无人工触及产物。 | **数字资产健康度指标 (Digital Asset Hygiene)**：1. 后续必须将 `lastDownloaded` 作为甄别垃圾数据的核心指标。2. 当需要统计整个仓库时，避免无限遍历引发的请求阻塞，可基于抽样机制(如取近5000条)或直接进行底层元数据库连接；严禁通过 REST API 全量遍历。 |
| 2026-03-17 | ZenTao/SQLAlchemy | 同步任务因 `NOT NULL` 约束报错中断 (`zentao_issues.title`) | 1. 禅道原始数据存在缺失标题/名称的脏数据。 2. SQLAlchemy 在将对象加入 Session 后（或因 auto-flush）触发 flush，会因必填项为空导致数据库拒绝写入。 | **防御性标题兜底与赋值时序 (Defensive Title & Assignment Order)**：1. 严禁在将 ORM 对象添加到 Session 之后（或触发任何可能导致 flush 的操作前）才进行必填字段赋值。2. 对外部源的必填描述性字段，必须在解析转换层实现强制兜底（如 "Untitled + ID"），确保数据落库韧性优于严格校验。 |
| 2026-03-17 | Migration/Alembic | Alembic 迁移空库时报错 `UndefinedTable` 中断 | Autogenerate 脚本自动生成了 `drop_table` 语句，但空建置的初始库中本不存在该旧表。 | **初始物理态对齐预检**：在 `upgrade()` 中必须使用 `inspector.get_table_names()` 预探物理表存活，或初始构建后用 `stamp head` 同步当前状态。 |
| 2026-03-16 | SQLAlchemy/ORM | `AmbiguousForeignKeysError` 打地鼠式爆发 | 模型中使用了 `TimestampMixin`（内含 `created_by` 等指向 `User` 的外键）。当子类模型定义新的 `relationship("User")` 时，SQLAlchemy 看到 3 个或以上的 `User` 外键，无法自动推断 Join 条件，引发报错。 | **显式外键声明 (Explicit FK Declaration)**：凡是继承自带有统一外键引用的 Mixin（如 TimestampMixin 指向用户表）的模型，在定义同目标表的关系时，**必须强制显式声明** `foreign_keys=[..._id]`，不可依赖 SQLAlchemy 的自动推断。 |
| 2026-03-16 | Data/Lifecycle | 主数据变更与存量对齐 | 业务项目/产品 ID 和名称变更，残留旧数据导致统计混淆。 | **定向刷新 (Directed Master Data Refresh)**：1. 对主数据层（MDM）实施“先解关联、后清空、再重注”的定向刷新策略。2. 解除关联时需覆盖所有外部插件层（zentao_*, gitlab_*）及审计层（commit_metrics）的物理外键引用，确保业务数据存量不丢但逻辑归属归零。 |
| 2026-03-16 | Data/Resilience | 禅道同步报外键冲突 | 议题引用的 `plan_id` 在计划列表中不存在（脏数据或逻辑删除），导致严格外键约束触发。 | **业务桩数据与防御解析 (Stubbing & Defending)**：1. 对非核心外键引用，必须在解析层增加合法性探测，缺失时回退为 `NULL` 或创建桩记录。2. 业务韧性优于严格模式。 |
| 2026-03-16 | Concurrency | 身份映射唯一键冲突 | 大规模并行割取时，多个 Worker 为相同邮箱/工号同时写入 `mdm_identity_mappings`，由于 ON CONFLICT 仅覆盖了单个索引，导致并发击穿。 | **原子隔离与多级索引保护 (Atomic Isolation)**：1. ON CONFLICT 必须针对每个高频冲突路径建立保护逻辑。2. 对多唯一键表，必须配合 `session.begin_nested()` 子事务捕获竞争波动，防止 Session 损坏。 |
| 2026-03-16 | Metrics | 指标感知偏向 (Metric Bias) | GitLab 完成度 1.4% vs 禅道 14%，前者看似缓慢但吞吐了 23 万条提交量。 | **多维进度度量 (Multi-dim Progress)**：DevOps 数据同步必须同时度量“项目覆盖率”与“记录吞吐量 (Ingestion rate)”，防止因大型仓库导致的进度焦虑。 |
| 2026-03-14 | dbt/SQL | JSONB 转数值抛错 | `JSONB->>'field'` 提取出的内容可能带有字面量双引号 (如 `"123.4"`) 或空字符串，直接 `cast` 会报非法输入。 | **强类型防御转换 (Defense Cast)**：1. 必须使用 `trim(both '"' from field)` 清除引号。2. 配合 `nullif` 与 `coalesce` 过滤空值。 |
| 2026-03-14 | Infra/Config | 脚本获取环境变量报错 | `os.getenv("KEY", 600)` 在某些逻辑分支中返回整数，但在需要字符串拼接或特定 Pydantic 校验时崩溃。 | **环境变量字符串优先 (String-First Defaults)**：`os.getenv` 的所有默认值必须显式设为字符串（如 `"600"`），在使用处再进行类型转换。 |
| 2026-03-14 | dbt/Build | 数据库死锁/内存溢出 | 在小规格容器执行 `dbt build` 时，默认多线程并发导致锁冲突或 `PostgreSQL` 连接瞬间爆表。 | **并发限速器 (Concurrency Throttle)**：资源受限环境下，强制通过 `--threads 1` 或环境变量限制并发，牺牲速度换取稳定性。 |
| 2026-03-14 | Data/Mapping | 指标归因计算偏差 (DORA) | 依赖 GitLab 项目 URL 路径进行关联，因项目重命名或子组迁移导致历史数据丢帧。 | **标识符溯源原子化**：1. 拓扑表必须全面弃用 URL 路径，改用系统原生数字 ID (Integer)。2. 映射关系必须在采集层即刻固化。 |
| 2026-03-13 | dbt/Namespace | Seed 与 Source 命名冲突 | `ldap_accounts` 既是种子又是原始表。dbt 在 `full-refresh` 加载种子时执行 `DROP TABLE CASCADE`，导致依赖原始表的 Staging 视图被物理删除，引发后续模型报错。 | **种子对齐契约 (Seed-Source Isolation)**：1. 种子文件必须强制增加 `seed_` 前缀（如 `seed_ldap_accounts.csv`）。2. Staging 视图严禁直接 `ref` 种子，除非该数据仅作为静态字典存在且不从源端同步。 |
| 2026-03-13 | dbt/Type | 跨层级关联类型匹配失败 | `fct_delivery_costs` 在关联 GitLab (Int) 与 DWS 层 Master ID (Varchar) 时因类型不匹配报错 `integer = character varying`。 | **ID 桥接规程**：1. 跨系统 ID 关联必须通过 `int_project_resource_map` 转发。2. 在 Staging 与 Intermediate 交互层强制执行 `::text` 转换以确保桥接主键的类型一致性。 |
| 2026-03-13 | dbt/Expectations | 业务审计用例失效 | `int_raw_activities` 的 `activity_type` 校验因未包含禅道独有的 `BUG/TASK/STORY` 类型而导致 `dbt build` 熔断。 | **全源感知审计 (Source-Aware Testing)**：新增数据源时，必须同步交叉检查 `dbt-expectations` 的列值允许集（set），确保业务特有类型被纳入白名单。 |
| 2026-03-13 | Sync/Identity | 人员对齐导致崩溃 | `IdentityManager.get_or_create_user` 针对缺失主数据的信号返回 `None`，导致 Worker 因 `u.global_user_id` 引用报错。 | **身份安全访问规程**：1. 严禁直接链式调用 User 对象属性，必须使用 `if u:` 守护。2. 允许业务表存储 `NULL` 身份 ID 以记录“原始触达信号”，交由后续 dbt 审计修正。 |
| 2026-03-13 | Data/Mapping | 禅道集成统计为 0 | 1. 资源映射表通过 `master_project_id is not null` 默认过滤。 2. 禅道记录分布在产品(Product)和迭代(Execution)两个并行层级，单一层级映射导致漏计。 | **全栈对齐策略**：1. 映射表必须采用“多级捕获（产品直接映射+迭代递归追溯）”逻辑。2. 诊断“空报表”时，首选检查中间层映射视图的 Inner Join 损耗。 |
| 2026-03-13 | Data/Mapping | 跨系统挂载不一致 | ZenTao 产品代号缺少统一的 `PROJ-` 前缀，导致中间映射表生成孤立主键 (如 `GLA`) 而非标准的主项目 ID (`PROJ-GLA`)。 | **Staging 强隔离与前缀归一化 (Prefix Normalization)**：严禁在 DWS/FCT 事实表中引入 `replace(..., 'PROJ-', '')` 等降级模糊匹配来擦屁股。映射前缀等系统性脏数据必须在 **第一道防线 (Staging)** 完成统一清洗和补全。 |
| 2026-03-13 | Metrics/MTTR | MTTR 恢复时效统计为 0 | `dws/fct` 计算事故恢复时长时未考虑到 ZenTao `bug` 状态机导致的 `closed_at` 空值，缺少 `resolvedDate` 兜底。 | **状态机防逃逸**：统计事件耗时不能仅依赖终态时间戳 (Closed)。必须使用 `coalesce` 引入次终态时间 (Resolved) 组合作为截断点，并在 stg 层固化该聚合逻辑 (`closed_at` 向下兼容)。 |
| 2026-03-13 | GitLab/Sync | 统计数据重复/漏计 | `gitlab-corp` 与 `gitlab-prod` 并存导致系统代码识别偏差；URL 路径映射易受重命名干扰。 | **标识符数字化 (ID over URL)**：1. 严禁基于 URL 路径进行长期映射记录。2. 拓扑表必须全量迁移为系统原生数字 ID (Integer)。3. 定期清理 `mdm_systems_registry` 中的僵尸系统代码。 |
| 2026-03-13 | dbt/Ref | SQL 编译列名错误 | `int_project_resource_map` 引用 `stg_mdm_entity_topology` 时误用 `project_id` (实际已在 stg 层重命名为 `master_project_id`)。 | **Staging 接口契约规范**：编写 downstream 逻辑前，必须查看 stg 模型定义的 `renamed` CTE，确保引用的 alias 与物理列名一致。 |
| 2026-03-13 | SQL/Type | round 函数报错 | Postgres 的 `round(double precision, integer)` 不存在，计算含浮点数 (如 coverage) 的分值时报错。 | **显式数值转型**：涉及 `round` 的计算必须显式 `cast(... as numeric)` 以对齐 Postgres 的函数重载要求。 |
| 2026-03-13 | dbt/Build | Downstream Relation 缺失 | 跨层级构建 (如从 raw 直跳 fct) 或变更 view logic 后，下游相关 view 报错 `relation does not exist`。 | **全链路自愈构建**：变更中间层逻辑后，应优先执行一次全链路 `dbt build --select +target_model` 以确保 DAG 逐级物化，避免跳级错误。 |
| 2026-03-13 | Sync/Resil | 禅道详情报 404 错误 | 1. 索引 API 返回已删除资源的引用。2. 某些历史产品权限受限，导致详情子资源（如 executions）返回 404。 | **子资源韧性 (Sub-resource Resilience)**：同步循环内必须支持 `allow_404` 模式，将非核心子资源的 404 视为“空集合”并降级跳过，而非中断主任务。 |
| 2026-03-13 | Data/Mapping | 映射表匹配报错 | CSV 文档说明为 ID，但实际填充了产品代号 (Code) 字符串。 | **标识符多态匹配**：lookup 逻辑必须兼容 `int(ID)` 和 `str(Code)` 双重模式，支持 fallback 匹配。 |
| 2026-03-13 | Arch/Extens | Worker 集群实例化崩溃 | 注册中心新增 `correlation_id` 但插件 Worker 构造函数未同步适配。 | **解耦构造函数**：插件 Worker 必须通过 `**kwargs` 承接透传参数，并调用 `super().__init__`。 |
| 2026-03-13 | Infra/Hygiene | 容器内脚本报 SyntaxError | 跨平台编辑导致 docstring 中文乱码或 triple-quotes 损坏。 | **编码强约束**：1. 脚本头部指定 `utf-8`。2. 容器执行前必要时进行 `errors='replace'` 重整。 |
| 2026-03-12 | Env/Hygiene | 根目录临时文件堆积 | 缺乏明确的临时输出重定向规范及清理机制。 | **重定向与清理红线**：1. 临时文件必须强制指向 `./tmp/`。2. DoD 前必须执行 `make clean`。 |
| 2026-03-12 | Infra/Init | `mdm_organizations` 初始化死锁 | 业务唯一键约束与 SCD2 `is_current` 过滤导致 INSERT 触发物理冲突。 | **全局感知初始化**：唯一键存在时，GetOrCreate 必须无视 `is_current` 进行全局探测。 |
| 2026-03-12 | Type/Logic | SQLAlchemy 监听器/模型匹配报错 | 在不当场景使用 `is_(None)` 或非标准匹配逻辑。 | **ORM 惯用法守则**：强制使用标准 `== None`；严禁在复杂 Filter 逻辑中混入非标准 Event Listener。 |
| 2026-03-12 | ZenTao/Auth | 同步过程报 401 错误 | 长时间同步任务导致 Token/Session 失效；简单的重试可能导致认证死循环。 | **认证弹性与防止重试风暴**：1. Client 必须实现 401 自动重试。2. 必须引入 `is_retry` 状态位确保认证重试仅触发一次，防止死循环。 |
| 2026-03-06 | Identity | 部门归属为空/错 | 仅依赖 is_current 快照导致缺失历史归属；不同系统 ID 体系冲突（ Zentao vs HR）。 | **归一化与自愈**：1. 强制在中间层（int 层）建立名为 `int_org_normalization` 的名称对齐模型。 2. 对身份主数据实施 SCD2 历史回溯自愈。 |
| 2026-03-06 | Observability | 任务链路断裂 | 1000+ 项目并行执行时无法定位日志属于哪个任务。 | **Correlation ID 穿透**：MQ Payload 必须携带并由 Worker 透传 UUID。所有 Staging 表 and 日志必须持久化该 ID。 |
| 2026-03-06 | dbt/Build | 字段/表名引用错误 | `mdm_entities_topology` vs `mdm_entity_topology` 拼写及单复数不一致。 | **Schema 物理对齐**：dbt 模型引用必须严格以 `sources.yml` 中定义的物理表名为准，严禁凭直觉猜测命名。 |
| 2026-03-06 | Schema | 插件层查询慢 | GitLab/ZenTao 模型的 ForeignKey 列和高频查询字段（`project_id`, `state`, `created_at` 等）缺少索引，PostgreSQL 不会自动为 FK 建索引。 | **FK 必建索引**：所有 `ForeignKey` 列必须显式 `index=True`；DORA 指标相关的时间字段必须建索引；低选择性字段不加索引。 |
| 2026-03-06 | Env/PS | `git push` 报红色错误但实际成功 | PowerShell 将 Git 的 stderr 进度输出（如 `To github.com:...`）误判为 `NativeCommandError`。 | **PowerShell stderr 陷阱**：Git 的 stderr 输出不等于失败，判断成功与否应看 `main -> main` 输出和实际 exit code。 |
| 2026-03-06 | DB/SCD | UniqueViolation | SCD Type 2 与 Unique 索引冲突。查询历史记录 (`is_current=False`) 时若漏查，会导致 INSERT 触发物理唯一冲突。 | **全局 ID 感知**：在 Unique 约束存在的表上，GetOrCreate 逻辑必须无视 `is_current` 标志位进行全局查找，并采用事务 Savepoint 处理并发竞争。 |
| 2026-03-06 | dbt/Build | `relation already exists` | dbt 构建失败残留 `__dbt_backup` 状态表。 | **原子清理**：在 `dbt build --full-refresh` 前执行 `drop_b.py` 物理清理备份表。 |
| 2026-03-06 | DB/Lock | 模型构建无限挂起 | 未关闭的事务或交互会话持有行锁/元数据锁。 | **活锁清理**：耗时异常时通过 `pg_stat_activity` 探查并终止 `idle in transaction` 或僵尸进程。 |
| 2026-03-06 | Type | 字段加减类型报错 | `JSONB` 提取的字段默认为文本，直接进行数值运算会报错。 | **强类型 Cast**：所有来自 JSONB 的工时/计数必须显式经过 `numeric` 或 `int` 的类型转换。 |
| 2026-03-05 | MQ/Sync | 队列积压阻塞 | 多个高频/低频源共享单队列导致的「饥饿效应」。 | **资源隔离优先**：不同数据源必须物理隔离队列，防止洪泛。 |
| 2026-03-05 | DB/Resil | 连接耗尽故障 | Worker 处理任务时频繁重复调用 `create_engine` 产生大量僵尸连接。 | **连接池单例化**：数据库引擎必须作为模块级单例管理。 |
| 2026-03-05 | ZenTao | FK Violation | 禅道用 `0` 表示 `NULL` 语义（如 plan_id=0）。 | **非标语义对齐**：所有源端 ID=0 必须在入库前映射为 NULL。 |
| 2026-03-05 | ZenTao | Auth Timeout | 长同步任务执行中途因登录态失效报错 401。 | **异常拦截重刷**：必须实现 401 拦截器自动刷新 Token。 |
| 2026-03-04 | GitLab | MQ Timeout | 同步超大仓库时消费者异常退出。 | **心跳防御**：长任务连接串必须强制携带 `heartbeat=600`。 |
| 2026-03-04 | ZenTao | DB Error | 无法序列化 dict 类型（psycopg2 can't adapt type dict）。 | **强类型序列化**：对非确定类型的 JSON 字段入库前强制执行 json.dumps。 |
| 2026-03-04 | Logic | DetachedInstance | 跨函数访问已关闭 Session 的模型属性。 | **局部上下文封闭**：Worker 必须在单一事务闭环内完成所有关联查询。 |

---
*End of Log*